397.537,55.3669127,10.4313196,-0.100,-0.100,0.03,0.00,0.00,286.42
397.756,55.3669122,10.4313193,-0.120,-0.120,0.22,0.00,0.00,283.55
398.137,55.3669138,10.4313260,-0.120,-0.120,0.00,0.00,0.00,279.88
398.537,55.3669153,10.4313320,-0.120,-0.120,0.19,0.00,0.00,286.72
398.737,55.3669150,10.4313314,-0.120,-0.120,0.02,0.00,0.00,287.59
399.139,55.3669134,10.4313267,-0.120,-0.120,0.13,0.00,0.00,286.38
399.339,55.3669129,10.4313267,-0.120,-0.120,0.16,0.00,0.00,289.43
399.739,55.3669100,10.4313244,-0.120,-0.120,0.06,0.00,0.00,293.99
400.140,55.3669087,10.4313209,-0.120,-0.120,0.08,0.00,0.00,291.58
400.340,55.3669066,10.4313165,-0.120,-0.120,-0.06,0.00,0.00,290.09
400.740,55.3669059,10.4313139,-0.150,-0.150,0.20,0.00,0.00,295.20
400.941,55.3669040,10.4313096,-0.190,-0.190,0.01,0.00,0.00,294.64
401.341,55.3668997,10.4312992,-0.160,-0.160,0.09,0.00,0.00,292.57
401.741,55.3668981,10.4312955,-0.200,-0.200,0.17,0.00,0.00,295.98
401.921,55.3668961,10.4312916,-0.220,-0.220,-0.17,0.00,0.00,299.01
402.342,55.3668933,10.4312844,-0.240,-0.240,0.13,0.00,0.00,295.30
402.542,55.3668913,10.4312786,-0.300,-0.300,0.12,0.00,0.00,300.97
402.942,55.3668898,10.4312740,-0.290,-0.290,-0.10,0.00,0.00,313.99
403.343,55.3668887,10.4312666,-0.330,-0.330,0.15,0.00,0.00,316.79
403.543,55.3668889,10.4312647,-0.350,-0.350,-0.12,0.00,0.00,323.01
403.944,55.3668883,10.4312595,-0.350,-0.350,0.08,0.00,0.00,337.13
404.144,55.3668888,10.4312584,-0.400,-0.400,0.10,0.00,0.00,338.83
404.525,55.3668897,10.4312510,-0.400,-0.400,-0.14,0.00,0.00,339.36
404.945,55.3668886,10.4312375,-0.410,-0.410,0.27,0.00,0.00,346.35
405.144,55.3668883,10.4312358,-0.420,-0.420,-0.08,0.00,0.00,345.59
405.545,55.3668873,10.4312264,-0.380,-0.380,0.09,0.00,0.00,338.31
405.745,55.3668870,10.4312221,-0.370,-0.370,0.17,0.00,0.00,342.25
406.145,55.3668852,10.4312085,-0.360,-0.360,-0.20,0.00,0.00,347.44
406.546,55.3668832,10.4311927,-0.350,-0.350,0.15,0.00,0.00,344.49
406.746,55.3668822,10.4311839,-0.370,-0.370,0.08,0.00,0.00,349.51
407.127,55.3668806,10.4311683,-0.350,-0.350,-0.18,0.00,0.00,353.19
407.347,55.3668794,10.4311587,-0.380,-0.380,0.28,0.00,0.00,347.13
407.727,55.3668776,10.4311420,-0.360,-0.360,-0.01,0.00,0.00,344.10
408.127,55.3668765,10.4311263,-0.330,-0.330,-0.04,0.00,0.00,349.96
408.327,55.3668761,10.4311201,-0.350,-0.350,0.21,0.00,0.00,345.91
408.747,55.3668745,10.4311063,-0.320,-0.320,-0.12,0.00,0.00,345.06
408.928,55.3668734,10.4310990,-0.290,-0.290,0.06,0.00,0.00,351.25
409.329,55.3668724,10.4310896,-0.330,-0.330,0.14,0.00,0.00,348.76
409.729,55.3668716,10.4310818,-0.320,-0.320,-0.10,0.00,0.00,344.69
409.929,55.3668711,10.4310776,-0.300,-0.300,0.15,0.00,0.00,350.95
410.329,55.3668685,10.4310651,-0.350,-0.350,0.14,0.00,0.00,348.64
410.529,55.3668673,10.4310587,-0.310,-0.310,-0.10,0.00,0.00,343.20
410.930,55.3668647,10.4310374,-0.300,-0.300,0.29,0.00,0.00,347.99
411.330,55.3668627,10.4310212,-0.320,-0.320,0.02,0.00,0.00,348.78
411.550,55.3668618,10.4310138,-0.260,-0.260,-0.06,0.00,0.00,343.64
411.930,55.3668575,10.4309937,-0.240,-0.240,0.30,0.00,0.00,348.16
412.131,55.3668562,10.4309866,-0.220,-0.220,-0.09,0.00,0.00,350.10
412.531,55.3668548,10.4309750,-0.170,-0.170,0.08,0.00,0.00,344.76
412.932,55.3668545,10.4309654,-0.160,-0.160,0.20,0.00,0.00,347.97
413.132,55.3668537,10.4309585,-0.140,-0.140,-0.16,0.00,0.00,351.75
413.532,55.3668532,10.4309463,-0.130,-0.130,0.26,0.00,0.00,348.32
413.732,55.3668532,10.4309425,-0.140,-0.140,0.07,0.00,0.00,352.22
414.133,55.3668518,10.4309304,-0.100,-0.100,-0.05,0.00,0.00,358.53
414.533,55.3668502,10.4309152,-0.120,-0.120,0.20,0.00,0.00,351.24
414.734,55.3668499,10.4309110,-0.120,-0.120,-0.05,0.00,0.00,343.90
415.134,55.3668494,10.4309031,-0.100,-0.100,0.10,0.00,0.00,348.01
415.334,55.3668488,10.4308972,-0.130,-0.130,0.12,0.00,0.00,343.93
415.735,55.3668472,10.4308834,-0.110,-0.110,-0.05,0.00,0.00,337.48
416.136,55.3668461,10.4308741,-0.120,-0.120,0.30,0.00,0.00,344.55
416.336,55.3668448,10.4308665,-0.160,-0.160,-0.07,0.00,0.00,347.47
416.738,55.3668432,10.4308533,-0.140,-0.140,0.06,0.00,0.00,340.82
416.937,55.3668422,10.4308487,-0.150,-0.150,0.21,0.00,0.00,342.84
417.337,55.3668404,10.4308415,-0.140,-0.140,-0.14,0.00,0.00,344.96
417.737,55.3668393,10.4308367,-0.110,-0.110,0.24,0.00,0.00,340.71
417.938,55.3668390,10.4308366,-0.120,-0.120,0.10,0.00,0.00,341.48
418.340,55.3668377,10.4308357,-0.070,-0.070,-0.07,0.00,0.00,347.87
418.540,55.3668377,10.4308363,-0.090,-0.090,0.21,0.00,0.00,345.00
418.940,55.3668362,10.4308347,-0.070,-0.070,-0.04,0.00,0.00,341.78
419.340,55.3668346,10.4308307,0.000,0.000,0.15,0.00,0.00,347.98
419.540,55.3668340,10.4308287,0.000,0.000,0.18,0.00,0.00,344.75
419.940,55.3668331,10.4308278,0.080,0.080,-0.06,0.00,0.00,339.33
420.120,55.3668332,10.4308263,0.150,0.150,0.30,0.00,0.00,346.21
420.540,55.3668341,10.4308231,0.190,0.190,-0.01,0.00,0.00,354.78
420.940,55.3668353,10.4308178,0.230,0.230,0.05,0.00,0.00,351.47
421.140,55.3668354,10.4308159,0.240,0.240,0.26,0.00,0.00,354.49
421.540,55.3668365,10.4308130,0.240,0.240,-0.15,0.00,0.00,354.84
421.921,55.3668373,10.4308091,0.240,0.240,0.13,0.00,0.00,350.25
422.141,55.3668374,10.4308066,0.200,0.200,0.16,0.00,0.00,355.32
422.541,55.3668394,10.4308054,0.230,0.230,-0.15,0.00,0.00,358.15
422.722,55.3668396,10.4308037,0.220,0.220,0.29,0.00,0.00,349.60
423.121,55.3668397,10.4307998,0.210,0.210,-0.04,0.00,0.00,345.04
423.341,55.3668401,10.4307979,0.250,0.250,0.02,0.00,0.00,349.95
423.742,55.3668410,10.4307930,0.220,0.220,0.21,0.00,0.00,344.14
424.124,55.3668417,10.4307880,0.220,0.220,-0.14,0.00,0.00,338.59
424.324,55.3668407,10.4307825,0.250,0.250,0.06,0.00,0.00,346.17
424.724,55.3668407,10.4307751,0.210,0.210,0.13,0.00,0.00,345.87
425.124,55.3668417,10.4307696,0.210,0.210,-0.17,0.00,0.00,341.38
425.324,55.3668422,10.4307674,0.220,0.220,0.15,0.00,0.00,348.06
425.745,55.3668434,10.4307619,0.210,0.210,0.09,0.00,0.00,346.39
425.944,55.3668453,10.4307628,0.270,0.270,-0.15,0.00,0.00,339.75
426.325,55.3668455,10.4307577,0.320,0.320,0.28,0.00,0.00,345.96
426.525,55.3668452,10.4307535,0.300,0.300,0.03,0.00,0.00,345.60
426.944,55.3668443,10.4307446,0.310,0.310,-0.12,0.00,0.00,339.38
427.325,55.3668444,10.4307376,0.260,0.260,0.33,0.00,0.00,343.21
427.545,55.3668442,10.4307333,0.160,0.160,-0.15,0.00,0.00,346.96
427.926,55.3668441,10.4307260,0.120,0.120,0.01,0.00,0.00,341.54
428.126,55.3668438,10.4307223,0.050,0.050,0.23,0.00,0.00,344.43
428.546,55.3668435,10.4307133,0.020,0.020,-0.17,0.00,0.00,348.53
428.947,55.3668450,10.4307072,0.000,0.000,0.09,0.00,0.00,342.76
429.128,55.3668451,10.4307032,-0.050,-0.050,0.15,0.00,0.00,344.25
429.548,55.3668460,10.4306962,-0.050,-0.050,-0.17,0.00,0.00,347.54
429.929,55.3668467,10.4306893,-0.070,-0.070,0.15,0.00,0.00,342.71
430.129,55.3668469,10.4306866,-0.090,-0.090,0.01,0.00,0.00,340.95
430.530,55.3668477,10.4306805,-0.020,-0.020,-0.10,0.00,0.00,346.12
430.730,55.3668476,10.4306761,0.030,0.030,0.26,0.00,0.00,343.09
431.131,55.3668476,10.4306705,0.150,0.150,-0.05,0.00,0.00,339.46
431.331,55.3668479,10.4306673,0.280,0.280,0.01,0.00,0.00,347.53
431.731,55.3668483,10.4306585,0.340,0.340,0.20,0.00,0.00,343.48
432.131,55.3668485,10.4306491,0.470,0.470,-0.11,0.00,0.00,340.10
432.331,55.3668489,10.4306450,0.630,0.630,0.30,0.00,0.00,344.37
432.751,55.3668508,10.4306384,0.690,0.690,0.18,0.00,0.00,342.82
433.131,55.3668504,10.4306297,0.820,0.820,-0.04,0.00,0.00,338.83
433.331,55.3668507,10.4306261,0.910,0.910,0.36,0.00,0.00,340.95
433.732,55.3668503,10.4306185,0.930,0.930,0.19,0.00,0.00,333.15
433.933,55.3668499,10.4306147,0.960,0.960,-0.01,0.00,0.00,327.74
434.333,55.3668501,10.4306075,0.880,0.880,0.37,0.00,0.00,340.74
434.733,55.3668504,10.4305990,0.780,0.780,-0.01,0.00,0.00,349.38
434.934,55.3668505,10.4305943,0.750,0.750,0.08,0.00,0.00,340.37
435.335,55.3668500,10.4305858,0.740,0.740,0.23,0.00,0.00,342.18
435.535,55.3668504,10.4305817,0.810,0.810,-0.10,0.00,0.00,346.23
435.936,55.3668531,10.4305751,0.910,0.910,0.21,0.00,0.00,336.93
436.336,55.3668531,10.4305672,0.930,0.930,0.25,0.00,0.00,339.95
436.536,55.3668529,10.4305620,0.980,0.980,-0.09,0.00,0.00,345.87
436.936,55.3668526,10.4305521,1.010,1.010,0.35,0.00,0.00,338.49
437.136,55.3668522,10.4305472,0.990,0.990,0.21,0.00,0.00,339.81
437.537,55.3668517,10.4305374,1.040,1.040,0.00,0.00,0.00,346.59
437.937,55.3668524,10.4305287,1.030,1.030,0.43,0.00,0.00,341.38
438.138,55.3668517,10.4305230,1.020,1.020,0.05,0.00,0.00,339.71
438.540,55.3668508,10.4305117,1.050,1.050,-0.07,0.00,0.00,347.10
438.740,55.3668508,10.4305066,1.010,1.010,0.40,0.00,0.00,340.66
439.140,55.3668518,10.4304985,0.960,0.960,0.00,0.00,0.00,338.33
439.540,55.3668516,10.4304885,0.970,0.970,0.05,0.00,0.00,346.48
439.740,55.3668515,10.4304836,0.940,0.940,0.25,0.00,0.00,339.42
440.141,55.3668503,10.4304738,0.910,0.910,-0.01,0.00,0.00,335.58
440.342,55.3668502,10.4304688,0.900,0.900,0.06,0.00,0.00,343.83
440.742,55.3668504,10.4304584,0.850,0.850,0.30,0.00,0.00,340.14
441.144,55.3668494,10.4304485,0.820,0.820,-0.04,0.00,0.00,337.60
441.345,55.3668486,10.4304432,0.830,0.830,0.08,0.00,0.00,348.52
441.745,55.3668487,10.4304341,0.760,0.760,0.28,0.00,0.00,342.22
441.946,55.3668492,10.4304298,0.710,0.710,-0.16,0.00,0.00,334.42
442.346,55.3668497,10.4304208,0.710,0.710,0.10,0.00,0.00,343.67
442.746,55.3668499,10.4304104,0.650,0.650,0.18,0.00,0.00,338.86
442.946,55.3668489,10.4304047,0.650,0.650,-0.08,0.00,0.00,333.87
443.327,55.3668480,10.4303944,0.670,0.670,0.11,0.00,0.00,342.53
443.527,55.3668480,10.4303895,0.630,0.630,0.12,0.00,0.00,337.48
443.927,55.3668475,10.4303797,0.630,0.630,-0.10,0.00,0.00,331.44
444.329,55.3668466,10.4303687,0.640,0.640,0.15,0.00,0.00,339.91
444.529,55.3668461,10.4303630,0.590,0.590,0.16,0.00,0.00,338.77
444.930,55.3668457,10.4303537,0.600,0.600,-0.06,0.00,0.00,333.73
445.131,55.3668456,10.4303494,0.580,0.580,0.14,0.00,0.00,340.90
445.531,55.3668453,10.4303379,0.490,0.490,0.11,0.00,0.00,339.65
445.931,55.3668449,10.4303267,0.450,0.450,-0.11,0.00,0.00,333.15
446.132,55.3668455,10.4303236,0.400,0.400,0.21,0.00,0.00,338.11
446.532,55.3668455,10.4303144,0.330,0.330,0.09,0.00,0.00,336.51
446.751,55.3668456,10.4303091,0.350,0.350,-0.06,0.00,0.00,330.60
447.132,55.3668444,10.4302966,0.320,0.320,0.25,0.00,0.00,339.27
447.553,55.3668446,10.4302869,0.260,0.260,-0.12,0.00,0.00,339.44
447.733,55.3668442,10.4302818,0.260,0.260,-0.08,0.00,0.00,332.66
448.135,55.3668433,10.4302710,0.230,0.230,0.16,0.00,0.00,336.52
448.335,55.3668428,10.4302659,0.180,0.180,-0.11,0.00,0.00,339.79
448.735,55.3668417,10.4302540,0.190,0.190,-0.02,0.00,0.00,332.67
449.136,55.3668419,10.4302435,0.160,0.160,0.15,0.00,0.00,336.06
449.337,55.3668410,10.4302382,0.110,0.110,-0.21,0.00,0.00,339.53
449.736,55.3668392,10.4302272,0.140,0.140,-0.07,0.00,0.00,332.76
449.937,55.3668385,10.4302218,0.110,0.110,0.16,0.00,0.00,337.39
450.338,55.3668365,10.4302102,0.080,0.080,-0.24,0.00,0.00,341.50
450.738,55.3668349,10.4302008,0.090,0.090,0.01,0.00,0.00,333.44
450.938,55.3668343,10.4301955,0.070,0.070,0.11,0.00,0.00,337.03
451.339,55.3668329,10.4301863,0.080,0.080,-0.32,0.00,0.00,341.43
451.540,55.3668317,10.4301809,0.120,0.120,0.11,0.00,0.00,333.96
451.940,55.3668302,10.4301710,0.100,0.100,0.10,0.00,0.00,335.66
452.342,55.3668315,10.4301627,0.110,0.110,-0.24,0.00,0.00,341.43
452.542,55.3668308,10.4301585,0.070,0.070,0.22,0.00,0.00,332.72
452.942,55.3668312,10.4301527,0.000,0.000,-0.01,0.00,0.00,330.77
453.143,55.3668310,10.4301487,-0.010,-0.010,-0.22,0.00,0.00,339.92
453.544,55.3668313,10.4301394,-0.070,-0.070,0.20,0.00,0.00,336.03
453.945,55.3668336,10.4301320,-0.110,-0.110,-0.09,0.00,0.00,333.70
454.145,55.3668332,10.4301271,-0.080,-0.080,-0.19,0.00,0.00,339.23
454.545,55.3668317,10.4301159,-0.080,-0.080,0.21,0.00,0.00,334.52
454.745,55.3668320,10.4301114,-0.080,-0.080,-0.15,0.00,0.00,330.57
455.145,55.3668312,10.4301026,-0.060,-0.060,-0.15,0.00,0.00,337.83
455.545,55.3668322,10.4300934,-0.120,-0.120,0.13,0.00,0.00,334.59
455.745,55.3668332,10.4300893,-0.140,-0.140,-0.19,0.00,0.00,331.46
456.145,55.3668319,10.4300783,-0.120,-0.120,-0.07,0.00,0.00,337.99
456.526,55.3668300,10.4300673,-0.170,-0.170,0.13,0.00,0.00,335.95
456.746,55.3668285,10.4300609,-0.180,-0.180,-0.18,0.00,0.00,331.55
457.146,55.3668268,10.4300494,-0.160,-0.160,-0.02,0.00,0.00,338.01
457.346,55.3668261,10.4300442,-0.180,-0.180,0.21,0.00,0.00,334.72
457.746,55.3668264,10.4300348,-0.170,-0.170,-0.24,0.00,0.00,330.08
457.946,55.3668262,10.4300293,-0.160,-0.160,0.03,0.00,0.00,337.33
458.347,55.3668247,10.4300198,-0.190,-0.190,0.13,0.00,0.00,336.73
458.727,55.3668240,10.4300093,-0.170,-0.170,-0.16,0.00,0.00,332.42
458.928,55.3668237,10.4300043,-0.130,-0.130,0.14,0.00,0.00,336.97
459.348,55.3668229,10.4299932,-0.130,-0.130,0.14,0.00,0.00,336.47
459.729,55.3668229,10.4299845,-0.060,-0.060,-0.09,0.00,0.00,329.62
459.929,55.3668233,10.4299814,-0.020,-0.020,0.23,0.00,0.00,333.66
460.330,55.3668234,10.4299723,-0.040,-0.040,0.01,0.00,0.00,334.35
460.530,55.3668234,10.4299679,-0.030,-0.030,-0.16,0.00,0.00,329.03
460.930,55.3668231,10.4299588,-0.070,-0.070,0.24,0.00,0.00,334.82
461.331,55.3668223,10.4299486,-0.120,-0.120,-0.10,0.00,0.00,335.64
461.531,55.3668202,10.4299428,-0.100,-0.100,-0.10,0.00,0.00,328.25
461.951,55.3668148,10.4299325,-0.140,-0.140,0.20,0.00,0.00,332.04
462.132,55.3668135,10.4299296,-0.180,-0.180,-0.16,0.00,0.00,335.31
462.533,55.3668134,10.4299194,-0.170,-0.170,-0.05,0.00,0.00,328.41
462.734,55.3668134,10.4299142,-0.240,-0.240,0.14,0.00,0.00,330.72
463.154,55.3668172,10.4299054,-0.290,-0.290,-0.31,0.00,0.00,334.26
463.535,55.3668174,10.4298934,-0.320,-0.320,-0.04,0.00,0.00,328.10
463.754,55.3668165,10.4298885,-0.400,-0.400,0.10,0.00,0.00,330.36
464.135,55.3668165,10.4298809,-0.430,-0.430,-0.33,0.00,0.00,335.91
464.535,55.3668151,10.4298703,-0.460,-0.460,0.05,0.00,0.00,328.71
464.735,55.3668136,10.4298649,-0.520,-0.520,0.06,0.00,0.00,328.58
465.136,55.3668108,10.4298559,-0.530,-0.530,-0.34,0.00,0.00,334.54
465.336,55.3668105,10.4298507,-0.550,-0.550,0.10,0.00,0.00,329.57
465.736,55.3668101,10.4298413,-0.610,-0.610,-0.03,0.00,0.00,329.35
466.136,55.3668080,10.4298304,-0.610,-0.610,-0.28,0.00,0.00,335.68
466.336,55.3668057,10.4298260,-0.610,-0.610,0.18,0.00,0.00,328.89
466.736,55.3668031,10.4298141,-0.630,-0.630,-0.07,0.00,0.00,327.28
466.935,55.3668019,10.4298079,-0.590,-0.590,-0.24,0.00,0.00,333.79
467.336,55.3668013,10.4297972,-0.580,-0.580,0.23,0.00,0.00,328.20
467.736,55.3668019,10.4297867,-0.600,-0.600,-0.06,0.00,0.00,325.43
467.936,55.3668021,10.4297828,-0.550,-0.550,-0.25,0.00,0.00,335.13
468.336,55.3668019,10.4297707,-0.560,-0.560,0.32,0.00,0.00,331.40
468.536,55.3668012,10.4297651,-0.560,-0.560,-0.09,0.00,0.00,328.71
468.936,55.3668007,10.4297571,-0.520,-0.520,-0.13,0.00,0.00,337.29
469.336,55.3667999,10.4297480,-0.520,-0.520,0.30,0.00,0.00,332.01
469.536,55.3667997,10.4297423,-0.520,-0.520,-0.12,0.00,0.00,329.48
469.937,55.3667998,10.4297317,-0.470,-0.470,-0.03,0.00,0.00,338.07
470.137,55.3667993,10.4297261,-0.520,-0.520,0.19,0.00,0.00,332.74
470.538,55.3667977,10.4297148,-0.530,-0.530,-0.21,0.00,0.00,322.67
470.938,55.3667953,10.4297058,-0.550,-0.550,0.08,0.00,0.00,328.58
471.139,55.3667943,10.4297015,-0.570,-0.570,0.13,0.00,0.00,334.85
471.540,55.3667975,10.4296910,-0.560,-0.560,-0.11,0.00,0.00,332.47
471.740,55.3667970,10.4296852,-0.600,-0.600,0.20,0.00,0.00,337.98
472.121,55.3667951,10.4296728,-0.660,-0.660,-0.10,0.00,0.00,336.38
472.540,55.3667922,10.4296581,-0.680,-0.680,-0.06,0.00,0.00,325.65
472.740,55.3667900,10.4296520,-0.730,-0.730,0.09,0.00,0.00,326.35
473.141,55.3667874,10.4296406,-0.760,-0.760,-0.23,0.00,0.00,330.29
473.341,55.3667868,10.4296383,-0.780,-0.780,0.08,0.00,0.00,323.94
473.740,55.3667862,10.4296302,-0.830,-0.830,0.04,0.00,0.00,324.86
474.121,55.3667867,10.4296204,-0.810,-0.810,-0.20,0.00,0.00,328.39
474.341,55.3667867,10.4296168,-0.850,-0.850,0.13,0.00,0.00,320.19
474.742,55.3667863,10.4296082,-0.920,-0.920,-0.06,0.00,0.00,320.04
474.941,55.3667859,10.4296023,-0.900,-0.900,-0.14,0.00,0.00,326.33
475.341,55.3667859,10.4295927,-0.920,-0.920,0.18,0.00,0.00,321.62
475.742,55.3667842,10.4295804,-0.940,-0.940,-0.11,0.00,0.00,322.19
475.942,55.3667835,10.4295745,-0.930,-0.930,-0.13,0.00,0.00,329.93
476.343,55.3667821,10.4295624,-0.910,-0.910,0.17,0.00,0.00,323.76
476.544,55.3667816,10.4295565,-0.870,-0.870,-0.12,0.00,0.00,318.70
476.944,55.3667816,10.4295455,-0.750,-0.750,-0.04,0.00,0.00,326.27
477.325,55.3667815,10.4295350,-0.690,-0.690,0.20,0.00,0.00,323.03
477.544,55.3667807,10.4295287,-0.620,-0.620,-0.13,0.00,0.00,318.35
477.925,55.3667801,10.4295181,-0.520,-0.520,0.09,0.00,0.00,320.64
478.145,55.3667801,10.4295127,-0.450,-0.450,0.14,0.00,0.00,314.97
478.545,55.3667796,10.4295013,-0.340,-0.340,-0.10,0.00,0.00,310.71
478.946,55.3667780,10.4294875,-0.230,-0.230,0.19,0.00,0.00,320.58
479.145,55.3667768,10.4294811,-0.170,-0.170,0.19,0.00,0.00,320.79
479.546,55.3667755,10.4294689,-0.100,-0.100,-0.06,0.00,0.00,317.29
479.746,55.3667750,10.4294628,-0.060,-0.060,0.24,0.00,0.00,325.40
480.146,55.3667749,10.4294501,-0.100,-0.100,0.10,0.00,0.00,325.46
480.547,55.3667751,10.4294387,-0.070,-0.070,-0.12,0.00,0.00,317.19
480.746,55.3667754,10.4294337,-0.020,-0.020,0.28,0.00,0.00,325.88
481.147,55.3667759,10.4294239,-0.050,-0.050,0.04,0.00,0.00,328.13
481.327,55.3667759,10.4294181,0.000,0.000,-0.07,0.00,0.00,319.08
481.747,55.3667754,10.4294060,0.000,0.000,0.33,0.00,0.00,323.71
482.147,55.3667740,10.4293947,-0.020,-0.020,-0.04,0.00,0.00,327.49
482.347,55.3667739,10.4293905,0.010,0.010,-0.02,0.00,0.00,319.20
482.749,55.3667724,10.4293802,0.000,0.000,0.31,0.00,0.00,325.21
482.948,55.3667717,10.4293750,-0.020,-0.020,-0.18,0.00,0.00,325.74
483.348,55.3667704,10.4293639,0.000,0.000,0.01,0.00,0.00,316.49
483.729,55.3667694,10.4293530,-0.040,-0.040,0.25,0.00,0.00,319.64
483.949,55.3667696,10.4293483,-0.050,-0.050,-0.21,0.00,0.00,325.64
484.349,55.3667694,10.4293388,-0.050,-0.050,0.10,0.00,0.00,319.61
484.530,55.3667688,10.4293336,-0.100,-0.100,0.20,0.00,0.00,322.59
484.931,55.3667683,10.4293239,-0.120,-0.120,-0.33,0.00,0.00,329.18
485.331,55.3667680,10.4293140,-0.160,-0.160,0.23,0.00,0.00,321.82
485.531,55.3667674,10.4293092,-0.240,-0.240,0.06,0.00,0.00,322.44
485.932,55.3667704,10.4293044,-0.250,-0.250,-0.26,0.00,0.00,328.41
486.152,55.3667696,10.4292985,-0.280,-0.280,0.32,0.00,0.00,322.10
486.531,55.3667683,10.4292877,-0.330,-0.330,-0.10,0.00,0.00,319.63
486.932,55.3667691,10.4292795,-0.300,-0.300,-0.19,0.00,0.00,327.74
487.132,55.3667691,10.4292736,-0.330,-0.330,0.24,0.00,0.00,324.19
487.551,55.3667677,10.4292651,-0.310,-0.310,-0.12,0.00,0.00,318.25
487.732,55.3667668,10.4292602,-0.240,-0.240,-0.05,0.00,0.00,324.91
488.133,55.3667661,10.4292501,-0.240,-0.240,0.18,0.00,0.00,323.80
488.533,55.3667667,10.4292434,-0.190,-0.190,-0.16,0.00,0.00,320.88
488.733,55.3667663,10.4292401,-0.120,-0.120,0.02,0.00,0.00,328.10
489.134,55.3667652,10.4292304,-0.100,-0.100,0.14,0.00,0.00,325.75
489.334,55.3667647,10.4292245,-0.060,-0.060,-0.15,0.00,0.00,318.44
489.735,55.3667625,10.4292123,-0.030,-0.030,0.09,0.00,0.00,325.78
490.135,55.3667620,10.4292010,-0.050,-0.050,0.17,0.00,0.00,324.70
490.335,55.3667619,10.4291956,-0.020,-0.020,-0.18,0.00,0.00,317.89
490.735,55.3667610,10.4291843,0.040,0.040,0.17,0.00,0.00,324.28
490.935,55.3667602,10.4291787,0.010,0.010,0.21,0.00,0.00,322.23
491.335,55.3667590,10.4291657,0.030,0.030,-0.17,0.00,0.00,316.82
491.735,55.3667579,10.4291554,0.000,0.000,0.23,0.00,0.00,323.89
491.936,55.3667579,10.4291508,0.000,0.000,0.03,0.00,0.00,324.22
492.336,55.3667565,10.4291396,0.070,0.070,-0.07,0.00,0.00,316.82
492.536,55.3667567,10.4291342,0.020,0.020,0.29,0.00,0.00,319.43
492.936,55.3667569,10.4291237,-0.010,-0.010,-0.10,0.00,0.00,321.25
493.336,55.3667560,10.4291122,0.030,0.030,-0.02,0.00,0.00,313.74
493.536,55.3667548,10.4291069,0.050,0.050,0.25,0.00,0.00,315.22
493.937,55.3667543,10.4290989,0.090,0.090,-0.19,0.00,0.00,320.14
494.138,55.3667544,10.4290951,0.140,0.140,0.09,0.00,0.00,313.24
494.539,55.3667535,10.4290858,0.130,0.130,0.17,0.00,0.00,313.75
494.939,55.3667524,10.4290766,0.160,0.160,-0.19,0.00,0.00,317.81
495.140,55.3667514,10.4290715,0.180,0.180,0.19,0.00,0.00,309.02
495.520,55.3667495,10.4290604,0.160,0.160,0.18,0.00,0.00,310.27
495.740,55.3667480,10.4290545,0.190,0.190,-0.14,0.00,0.00,316.85
496.139,55.3667460,10.4290437,0.180,0.180,0.26,0.00,0.00,310.94
496.540,55.3667450,10.4290332,0.120,0.120,0.09,0.00,0.00,312.30
496.740,55.3667449,10.4290292,0.150,0.150,-0.15,0.00,0.00,317.74
497.140,55.3667446,10.4290186,0.150,0.150,0.34,0.00,0.00,308.62
497.520,55.3667445,10.4290067,0.150,0.150,-0.12,0.00,0.00,300.31
497.721,55.3667444,10.4289994,0.180,0.180,-0.04,0.00,0.00,305.11
498.121,55.3667422,10.4289870,0.130,0.130,0.15,0.00,0.00,302.80
498.321,55.3667402,10.4289822,0.090,0.090,-0.20,0.00,0.00,300.50
498.722,55.3667397,10.4289707,0.100,0.100,0.10,0.00,0.00,308.23
499.122,55.3667394,10.4289603,0.100,0.100,0.15,0.00,0.00,305.07
499.323,55.3667394,10.4289550,0.100,0.100,-0.21,0.00,0.00,296.89
499.742,55.3667397,10.4289414,0.070,0.070,0.11,0.00,0.00,303.47
499.923,55.3667391,10.4289365,0.010,0.010,0.02,0.00,0.00,299.16
500.344,55.3667380,10.4289262,0.040,0.040,-0.24,0.00,0.00,289.96
500.725,55.3667361,10.4289179,0.060,0.060,0.27,0.00,0.00,296.59
500.945,55.3667359,10.4289107,0.020,0.020,0.05,0.00,0.00,297.98
501.326,55.3667347,10.4289000,0.010,0.010,-0.06,0.00,0.00,291.84
501.526,55.3667329,10.4288966,-0.010,-0.010,0.30,0.00,0.00,297.79
501.926,55.3667287,10.4288886,-0.110,-0.110,-0.12,0.00,0.00,297.66
502.326,55.3667244,10.4288799,-0.120,-0.120,-0.11,0.00,0.00,290.90
502.526,55.3667226,10.4288758,-0.150,-0.150,0.17,0.00,0.00,295.65
502.926,55.3667203,10.4288664,-0.200,-0.200,-0.16,0.00,0.00,293.13
503.127,55.3667184,10.4288626,-0.210,-0.210,-0.01,0.00,0.00,279.67
503.546,55.3667160,10.4288559,-0.260,-0.260,0.13,0.00,0.00,278.29
503.926,55.3667116,10.4288487,-0.290,-0.290,-0.26,0.00,0.00,280.47
504.147,55.3667100,10.4288459,-0.270,-0.270,0.10,0.00,0.00,272.37
504.528,55.3667068,10.4288421,-0.300,-0.300,0.13,0.00,0.00,271.08
504.728,55.3667046,10.4288416,-0.270,-0.270,-0.22,0.00,0.00,272.69
505.129,55.3667018,10.4288418,-0.230,-0.230,0.23,0.00,0.00,263.43
505.348,55.3667005,10.4288404,-0.250,-0.250,0.05,0.00,0.00,260.26
505.749,55.3666982,10.4288370,-0.190,-0.190,-0.16,0.00,0.00,261.96
506.149,55.3666934,10.4288313,-0.160,-0.160,0.20,0.00,0.00,251.82
506.348,55.3666930,10.4288287,-0.150,-0.150,-0.06,0.00,0.00,247.91
506.749,55.3666903,10.4288275,-0.080,-0.080,-0.05,0.00,0.00,256.52
506.949,55.3666878,10.4288272,-0.070,-0.070,0.32,0.00,0.00,253.05
507.349,55.3666860,10.4288286,-0.060,-0.060,-0.06,0.00,0.00,250.49
507.749,55.3666852,10.4288316,-0.020,-0.020,0.04,0.00,0.00,256.03
507.949,55.3666833,10.4288317,-0.050,-0.050,0.22,0.00,0.00,252.44
508.330,55.3666764,10.4288295,-0.070,-0.070,-0.22,0.00,0.00,246.90
508.730,55.3666689,10.4288266,-0.060,-0.060,0.20,0.00,0.00,250.86
508.950,55.3666652,10.4288231,-0.110,-0.110,0.06,0.00,0.00,247.26
509.350,55.3666576,10.4288201,-0.120,-0.120,-0.19,0.00,0.00,242.05
509.550,55.3666539,10.4288202,-0.140,-0.140,0.21,0.00,0.00,244.57
509.950,55.3666485,10.4288177,-0.180,-0.180,-0.05,0.00,0.00,230.61
510.331,55.3666443,10.4288176,-0.190,-0.190,-0.08,0.00,0.00,212.43
510.531,55.3666417,10.4288168,-0.250,-0.250,0.10,0.00,0.00,219.95
510.931,55.3666371,10.4288131,-0.260,-0.260,-0.19,0.00,0.00,231.87
511.131,55.3666349,10.4288115,-0.260,-0.260,-0.08,0.00,0.00,230.96
511.531,55.3666298,10.4288094,-0.320,-0.320,0.06,0.00,0.00,240.42
511.932,55.3666258,10.4288051,-0.340,-0.340,-0.29,0.00,0.00,246.24
512.132,55.3666233,10.4288059,-0.360,-0.360,0.12,0.00,0.00,234.82
512.533,55.3666209,10.4288061,-0.420,-0.420,-0.09,0.00,0.00,238.31
512.733,55.3666191,10.4288042,-0.410,-0.410,-0.19,0.00,0.00,249.67
513.133,55.3666116,10.4288020,-0.460,-0.460,0.09,0.00,0.00,243.25
513.534,55.3666058,10.4288036,-0.470,-0.470,-0.27,0.00,0.00,240.93
513.733,55.3666026,10.4288031,-0.450,-0.450,0.03,0.00,0.00,252.02
514.133,55.3665959,10.4288031,-0.480,-0.480,0.01,0.00,0.00,248.56
514.333,55.3665940,10.4288032,-0.450,-0.450,-0.17,0.00,0.00,240.81
514.734,55.3665908,10.4288029,-0.430,-0.430,0.23,0.00,0.00,246.57
515.134,55.3665847,10.4288033,-0.430,-0.430,-0.08,0.00,0.00,244.22
515.334,55.3665807,10.4288041,-0.380,-0.380,-0.14,0.00,0.00,233.67
515.735,55.3665749,10.4288056,-0.400,-0.400,0.18,0.00,0.00,236.10
515.934,55.3665715,10.4288061,-0.420,-0.420,-0.12,0.00,0.00,237.53
516.315,55.3665647,10.4288079,-0.380,-0.380,0.03,0.00,0.00,226.47
516.735,55.3665592,10.4288078,-0.420,-0.420,0.14,0.00,0.00,231.37
516.936,55.3665577,10.4288060,-0.430,-0.430,-0.24,0.00,0.00,241.81
517.336,55.3665514,10.4288074,-0.420,-0.420,0.15,0.00,0.00,237.70
517.537,55.3665497,10.4288087,-0.450,-0.450,0.15,0.00,0.00,234.71
517.936,55.3665450,10.4288116,-0.410,-0.410,-0.16,0.00,0.00,236.08
518.337,55.3665406,10.4288149,-0.420,-0.420,0.24,0.00,0.00,227.49
518.537,55.3665391,10.4288145,-0.430,-0.430,-0.11,0.00,0.00,222.19
518.917,55.3665359,10.4288168,-0.400,-0.400,0.03,0.00,0.00,225.79
519.138,55.3665332,10.4288188,-0.440,-0.440,0.13,0.00,0.00,218.19
519.538,55.3665284,10.4288223,-0.420,-0.420,-0.15,0.00,0.00,209.94
519.938,55.3665229,10.4288191,-0.420,-0.420,0.21,0.00,0.00,213.38
520.139,55.3665209,10.4288197,-0.460,-0.460,-0.08,0.00,0.00,206.12
520.540,55.3665160,10.4288219,-0.430,-0.430,-0.05,0.00,0.00,191.14
520.739,55.3665134,10.4288243,-0.460,-0.460,0.17,0.00,0.00,186.62
521.139,55.3665092,10.4288294,-0.460,-0.460,-0.28,0.00,0.00,182.72
521.520,55.3665043,10.4288292,-0.450,-0.450,0.08,0.00,0.00,180.08
521.739,55.3665024,10.4288279,-0.490,-0.490,0.05,0.00,0.00,190.00
522.139,55.3664987,10.4288323,-0.490,-0.490,-0.25,0.00,0.00,198.81
522.320,55.3664975,10.4288368,-0.510,-0.510,0.25,0.00,0.00,192.22
522.740,55.3664944,10.4288453,-0.540,-0.540,-0.17,0.00,0.00,190.73
523.120,55.3664912,10.4288490,-0.540,-0.540,-0.01,0.00,0.00,195.09
523.320,55.3664913,10.4288544,-0.620,-0.620,0.04,0.00,0.00,190.70
523.740,55.3664890,10.4288620,-0.620,-0.620,-0.14,0.00,0.00,184.89
523.940,55.3664880,10.4288614,-0.680,-0.680,0.03,0.00,0.00,186.30
524.321,55.3664857,10.4288625,-0.680,-0.680,-0.22,0.00,0.00,191.56
524.740,55.3664823,10.4288664,-0.720,-0.720,0.18,0.00,0.00,186.69
524.921,55.3664800,10.4288661,-0.700,-0.700,-0.15,0.00,0.00,180.10
525.321,55.3664761,10.4288658,-0.690,-0.690,0.16,0.00,0.00,184.23
525.521,55.3664750,10.4288670,-0.730,-0.730,-0.10,0.00,0.00,179.08
525.940,55.3664745,10.4288673,-0.710,-0.710,-0.02,0.00,0.00,170.83
526.322,55.3664752,10.4288722,-0.750,-0.750,0.01,0.00,0.00,173.78
526.522,55.3664748,10.4288706,-0.700,-0.700,-0.09,0.00,0.00,181.99
526.941,55.3664708,10.4288697,-0.720,-0.720,0.12,0.00,0.00,176.96
527.141,55.3664677,10.4288695,-0.700,-0.700,-0.21,0.00,0.00,170.47
527.542,55.3664588,10.4288735,-0.670,-0.670,0.18,0.00,0.00,177.16
527.941,55.3664523,10.4288794,-0.690,-0.690,-0.10,0.00,0.00,173.79
528.142,55.3664494,10.4288849,-0.640,-0.640,-0.05,0.00,0.00,162.16
528.543,55.3664457,10.4288946,-0.650,-0.650,0.10,0.00,0.00,158.91
528.743,55.3664436,10.4288969,-0.640,-0.640,-0.23,0.00,0.00,156.92
529.144,55.3664427,10.4289031,-0.620,-0.620,0.20,0.00,0.00,147.93
529.544,55.3664424,10.4289116,-0.620,-0.620,-0.01,0.00,0.00,146.55
529.744,55.3664420,10.4289150,-0.570,-0.570,-0.11,0.00,0.00,153.12
530.145,55.3664397,10.4289192,-0.580,-0.580,0.10,0.00,0.00,149.18
530.345,55.3664385,10.4289202,-0.560,-0.560,-0.16,0.00,0.00,147.14
530.745,55.3664392,10.4289226,-0.510,-0.510,0.22,0.00,0.00,151.44
531.146,55.3664378,10.4289260,-0.520,-0.520,-0.16,0.00,0.00,150.16
531.327,55.3664374,10.4289278,-0.470,-0.470,0.03,0.00,0.00,148.92
531.747,55.3664360,10.4289329,-0.460,-0.460,0.11,0.00,0.00,153.36
531.927,55.3664354,10.4289357,-0.430,-0.430,-0.18,0.00,0.00,159.15
532.347,55.3664346,10.4289417,-0.420,-0.420,0.29,0.00,0.00,154.33
532.728,55.3664344,10.4289478,-0.390,-0.390,-0.12,0.00,0.00,148.52
532.928,55.3664346,10.4289511,-0.340,-0.340,0.09,0.00,0.00,152.66
533.328,55.3664354,10.4289563,-0.360,-0.360,0.08,0.00,0.00,145.53
533.529,55.3664359,10.4289601,-0.310,-0.310,-0.11,0.00,0.00,135.47
533.949,55.3664368,10.4289657,-0.350,-0.350,0.14,0.00,0.00,140.20
534.330,55.3664393,10.4289711,-0.340,-0.340,-0.30,0.00,0.00,138.35
534.531,55.3664400,10.4289734,-0.360,-0.360,0.26,0.00,0.00,125.61
534.951,55.3664418,10.4289762,-0.360,-0.360,-0.20,0.00,0.00,125.29
535.151,55.3664426,10.4289781,-0.320,-0.320,0.15,0.00,0.00,140.69
535.551,55.3664438,10.4289836,-0.360,-0.360,-0.15,0.00,0.00,147.07
535.931,55.3664468,10.4289890,-0.330,-0.330,0.09,0.00,0.00,146.80
536.151,55.3664483,10.4289925,-0.360,-0.360,0.03,0.00,0.00,155.89
536.532,55.3664522,10.4289979,-0.340,-0.340,-0.13,0.00,0.00,160.85
536.752,55.3664536,10.4289995,-0.380,-0.380,0.15,0.00,0.00,153.13
537.133,55.3664578,10.4290110,-0.360,-0.360,-0.14,0.00,0.00,148.49
537.534,55.3664629,10.4290214,-0.350,-0.350,0.21,0.00,0.00,159.18
537.734,55.3664626,10.4290251,-0.350,-0.350,-0.14,0.00,0.00,162.82
538.133,55.3664622,10.4290347,-0.310,-0.310,0.11,0.00,0.00,155.02
538.333,55.3664602,10.4290440,-0.330,-0.330,0.13,0.00,0.00,157.02
538.733,55.3664578,10.4290604,-0.310,-0.310,-0.17,0.00,0.00,164.79
539.135,55.3664585,10.4290798,-0.340,-0.340,0.22,0.00,0.00,158.88
539.335,55.3664584,10.4290877,-0.340,-0.340,-0.14,0.00,0.00,157.47
539.735,55.3664574,10.4290975,-0.340,-0.340,0.14,0.00,0.00,162.88
539.935,55.3664558,10.4291013,-0.370,-0.370,0.00,0.00,0.00,154.14
540.336,55.3664529,10.4291102,-0.330,-0.330,0.00,0.00,0.00,137.12
540.716,55.3664530,10.4291165,-0.360,-0.360,0.00,0.00,0.00,130.02
540.936,55.3664543,10.4291200,-0.330,-0.330,-0.01,0.00,0.00,114.81
541.335,55.3664574,10.4291224,-0.380,-0.380,0.10,0.00,0.00,82.27
541.716,55.3664623,10.4291295,-0.390,-0.390,-0.14,0.00,0.00,64.38
541.916,55.3664652,10.4291338,-0.430,-0.430,0.12,0.00,0.00,62.73
542.316,55.3664708,10.4291520,-0.380,-0.380,-0.15,0.00,0.00,66.37
542.516,55.3664744,10.4291582,-0.390,-0.390,0.12,0.00,0.00,60.71
542.917,55.3664801,10.4291689,-0.390,-0.390,-0.24,0.00,0.00,58.76
543.318,55.3664831,10.4291711,-0.390,-0.390,0.19,0.00,0.00,62.40
543.519,55.3664842,10.4291701,-0.390,-0.390,0.00,0.00,0.00,60.15
543.919,55.3664891,10.4291701,-0.390,-0.390,0.00,0.00,0.00,59.32
544.119,55.3664895,10.4291724,0.410,0.410,0.44,0.00,0.00,103.47
544.519,55.3664892,10.4291767,0.500,0.500,0.14,0.00,0.00,110.46
544.920,55.3664900,10.4291822,0.510,0.510,0.42,0.00,0.00,111.12
545.120,55.3664890,10.4291853,0.570,0.570,0.14,0.00,0.00,117.69
545.520,55.3664844,10.4291774,0.560,0.560,0.29,0.00,0.00,142.69
545.720,55.3664834,10.4291780,0.560,0.560,0.07,0.00,0.00,165.81
546.120,55.3664817,10.4291711,-0.200,-0.200,0.05,0.00,0.00,144.90
546.520,55.3664817,10.4291672,-0.200,-0.200,-0.22,0.00,0.00,150.23
546.720,55.3664765,10.4291631,-0.200,-0.200,0.24,0.00,0.00,156.14
547.120,55.3664720,10.4291677,-0.200,-0.200,-0.22,0.00,0.00,159.19
547.320,55.3664701,10.4291697,-0.200,-0.200,0.15,0.00,0.00,152.42
547.721,55.3664677,10.4291722,-0.200,-0.200,-0.07,0.00,0.00,152.91
548.121,55.3664641,10.4291693,-0.200,-0.200,0.04,0.00,0.00,156.16
548.321,55.3664613,10.4291658,-0.200,-0.200,0.26,0.00,0.00,151.37
548.721,55.3664587,10.4291648,-0.200,-0.200,-0.21,0.00,0.00,149.99
548.921,55.3664588,10.4291701,-0.200,-0.200,0.37,0.00,0.00,155.16
549.321,55.3664535,10.4291749,-0.200,-0.200,-0.07,0.00,0.00,155.40
549.721,55.3664518,10.4291792,0.460,0.460,0.25,0.00,0.00,150.35
549.921,55.3664478,10.4291857,0.510,0.510,0.13,0.00,0.00,150.83
550.322,55.3664432,10.4291961,0.560,0.560,0.02,0.00,0.00,155.24
550.522,55.3664411,10.4292014,0.500,0.500,0.29,0.00,0.00,149.94
550.923,55.3664374,10.4292180,0.460,0.460,-0.04,0.00,0.00,148.51
551.323,55.3664367,10.4292218,0.390,0.390,0.24,0.00,0.00,154.48
551.524,55.3664355,10.4292283,0.360,0.360,-0.03,0.00,0.00,156.40
551.924,55.3664324,10.4292329,0.330,0.330,0.19,0.00,0.00,163.04
552.124,55.3664314,10.4292312,0.290,0.290,0.00,0.00,0.00,187.24
552.524,55.3664287,10.4292292,0.210,0.210,-0.02,0.00,0.00,219.82
552.924,55.3664318,10.4292335,0.100,0.100,-0.14,0.00,0.00,239.56
553.124,55.3664320,10.4292232,0.020,0.020,0.20,0.00,0.00,238.95
553.524,55.3664345,10.4292150,0.020,0.020,-0.26,0.00,0.00,240.35
553.725,55.3664338,10.4292161,0.020,0.020,0.26,0.00,0.00,241.42
554.125,55.3664323,10.4292303,0.020,0.020,0.02,0.00,0.00,238.98
554.525,55.3664282,10.4292367,0.020,0.020,-0.05,0.00,0.00,233.25
554.725,55.3664279,10.4292283,0.020,0.020,0.28,0.00,0.00,234.01
555.125,55.3664263,10.4292061,0.040,0.040,-0.05,0.00,0.00,237.35
555.325,55.3664258,10.4291971,0.060,0.060,0.25,0.00,0.00,236.96
555.725,55.3664269,10.4291839,0.080,0.080,-0.03,0.00,0.00,240.38
556.125,55.3664256,10.4291797,0.140,0.140,0.08,0.00,0.00,244.67
556.325,55.3664258,10.4291737,0.130,0.130,0.05,0.00,0.00,240.22
556.725,55.3664204,10.4291616,0.180,0.180,0.04,0.00,0.00,230.98
556.926,55.3664200,10.4291614,0.200,0.200,0.08,0.00,0.00,219.50
557.326,55.3664054,10.4291663,0.240,0.240,0.01,0.00,0.00,196.16
557.726,55.3663989,10.4291736,0.270,0.270,0.09,0.00,0.00,174.79
557.925,55.3664035,10.4291806,0.300,0.300,-0.01,0.00,0.00,160.00
558.326,55.3664023,10.4291852,0.290,0.290,0.07,0.00,0.00,154.78
558.526,55.3664061,10.4291927,0.290,0.290,-0.03,0.00,0.00,153.65
558.926,55.3664186,10.4292157,0.290,0.290,0.11,0.00,0.00,147.21
559.326,55.3664282,10.4292345,0.290,0.290,-0.01,0.00,0.00,147.41
559.546,55.3664304,10.4292450,0.290,0.290,0.15,0.00,0.00,155.74
559.926,55.3664337,10.4292673,0.290,0.290,-0.18,0.00,0.00,156.51
560.126,55.3664391,10.4292719,0.290,0.290,0.13,0.00,0.00,149.44
560.526,55.3664582,10.4292701,0.290,0.290,-0.11,0.00,0.00,148.10
560.926,55.3664850,10.4292838,0.290,0.290,0.13,0.00,0.00,151.35
561.146,55.3665008,10.4292922,0.290,0.290,0.16,0.00,0.00,148.44
561.526,55.3665376,10.4293058,0.290,0.290,-0.07,0.00,0.00,145.14
561.726,55.3665561,10.4293143,0.290,0.290,0.22,0.00,0.00,148.79
562.126,55.3665915,10.4293280,0.290,0.290,0.04,0.00,0.00,147.32
562.526,55.3666251,10.4293321,0.510,0.510,-0.07,0.00,0.00,144.41
562.726,55.3666428,10.4293307,0.490,0.490,0.18,0.00,0.00,150.96
563.126,55.3666819,10.4293302,0.490,0.490,-0.07,0.00,0.00,155.89
563.327,55.3667011,10.4293297,0.520,0.520,0.05,0.00,0.00,153.08
563.746,55.3667464,10.4293310,0.500,0.500,0.10,0.00,0.00,154.75
564.128,55.3668034,10.4293377,0.510,0.510,-0.14,0.00,0.00,154.75
564.348,55.3668290,10.4293385,0.520,0.520,0.22,0.00,0.00,148.89
564.728,55.3668918,10.4293551,0.500,0.500,-0.11,0.00,0.00,148.15
564.928,55.3669289,10.4293621,0.500,0.500,-0.08,0.00,0.00,151.88
565.329,55.3669893,10.4293752,0.450,0.450,0.13,0.00,0.00,149.78
565.729,55.3670550,10.4293857,0.400,0.400,-0.21,0.00,0.00,149.55
565.929,55.3670903,10.4293930,0.340,0.340,0.02,0.00,0.00,153.61
566.329,55.3671558,10.4294014,0.240,0.240,0.03,0.00,0.00,152.40
566.530,55.3671858,10.4294114,0.170,0.170,-0.27,0.00,0.00,150.53
566.929,55.3672422,10.4294128,0.080,0.080,0.17,0.00,0.00,151.50
567.330,55.3672957,10.4294119,0.000,0.000,-0.15,0.00,0.00,152.54
567.530,55.3673238,10.4294143,-0.020,-0.020,-0.04,0.00,0.00,148.42
567.930,55.3673828,10.4294125,-0.100,-0.100,0.05,0.00,0.00,151.67
568.130,55.3674103,10.4294103,-0.120,-0.120,-0.27,0.00,0.00,152.59
568.530,55.3674747,10.4294176,-0.160,-0.160,0.08,0.00,0.00,149.51
568.930,55.3675013,10.4294262,-0.220,-0.220,-0.19,0.00,0.00,150.78
569.130,55.3675182,10.4294282,-0.250,-0.250,-0.15,0.00,0.00,153.62
569.530,55.3675572,10.4294299,-0.320,-0.320,0.07,0.00,0.00,151.69
569.730,55.3675778,10.4294313,-0.370,-0.370,-0.27,0.00,0.00,151.32
570.130,55.3676529,10.4294298,-0.380,-0.380,0.04,0.00,0.00,153.32
570.530,55.3677362,10.4294168,-0.400,-0.400,-0.01,0.00,0.00,152.26
570.730,55.3677750,10.4294140,-0.390,-0.390,-0.23,0.00,0.00,150.96
571.130,55.3678533,10.4294150,-0.410,-0.410,0.08,0.00,0.00,154.56
571.330,55.3678898,10.4294152,-0.430,-0.430,-0.25,0.00,0.00,154.87
571.731,55.3679590,10.4294149,-0.390,-0.390,-0.06,0.00,0.00,152.01
572.131,55.3680015,10.4294221,-0.420,-0.420,0.08,0.00,0.00,154.33
572.331,55.3680175,10.4294273,-0.410,-0.410,-0.25,0.00,0.00,155.01
572.731,55.3680414,10.4294394,-0.380,-0.380,0.19,0.00,0.00,149.35
572.931,55.3680324,10.4294441,-0.370,-0.370,-0.11,0.00,0.00,150.46
573.331,55.3680130,10.4294477,-0.310,-0.310,-0.09,0.00,0.00,151.30
573.731,55.3680024,10.4294587,-0.290,-0.290,0.08,0.00,0.00,150.40
573.931,55.3679929,10.4294631,-0.240,-0.240,-0.19,0.00,0.00,151.50
574.331,55.3679769,10.4294691,-0.190,-0.190,0.21,0.00,0.00,157.73
574.531,55.3679676,10.4294707,-0.150,-0.150,0.00,0.00,0.00,156.48
574.931,55.3679475,10.4294735,-0.030,-0.030,0.14,0.00,0.00,147.79
575.331,55.3679161,10.4294752,-0.050,-0.050,-0.08,0.00,0.00,153.17
575.531,55.3679003,10.4294747,-0.010,-0.010,-0.12,0.00,0.00,159.50
575.931,55.3678558,10.4294796,-0.010,-0.010,0.09,0.00,0.00,158.74
576.131,55.3678328,10.4294830,0.000,0.000,-0.17,0.00,0.00,159.74
576.531,55.3677946,10.4294894,0.000,0.000,0.17,0.00,0.00,163.06
576.931,55.3677531,10.4294986,-0.020,-0.020,-0.05,0.00,0.00,160.40
577.132,55.3677316,10.4295044,0.000,0.000,-0.01,0.00,0.00,153.81
577.532,55.3676984,10.4295123,-0.010,-0.010,0.08,0.00,0.00,152.05
577.732,55.3676835,10.4295142,0.020,0.020,-0.06,0.00,0.00,139.19
578.132,55.3676544,10.4295179,0.020,0.020,0.11,0.00,0.00,108.97
578.532,55.3676329,10.4295167,0.050,0.050,-0.05,0.00,0.00,81.29
578.712,55.3676075,10.4295051,0.050,0.050,0.05,0.00,0.00,70.17
579.131,55.3675639,10.4294886,0.100,0.100,-0.01,0.00,0.00,66.93
579.332,55.3675407,10.4294790,0.110,0.110,0.17,0.00,0.00,62.13
579.732,55.3674986,10.4294625,0.160,0.160,-0.11,0.00,0.00,63.53
580.132,55.3674565,10.4294460,0.160,0.160,0.19,0.00,0.00,67.73
580.332,55.3674383,10.4294393,0.170,0.170,-0.09,0.00,0.00,68.84
580.732,55.3674059,10.4294280,0.180,0.180,0.16,0.00,0.00,64.08
580.932,55.3673909,10.4294219,0.150,0.150,-0.10,0.00,0.00,64.60
581.332,55.3673779,10.4294172,0.160,0.160,0.05,0.00,0.00,67.13
581.732,55.3673696,10.4294145,0.150,0.150,-0.05,0.00,0.00,63.40
581.932,55.3673687,10.4294133,0.210,0.210,0.06,0.00,0.00,61.24
582.332,55.3673625,10.4294153,0.210,0.210,0.14,0.00,0.00,66.36
582.532,55.3673622,10.4294161,0.260,0.260,0.00,0.00,0.00,72.32
582.933,55.3673606,10.4294262,0.240,0.240,0.04,0.00,0.00,85.52
583.333,55.3673587,10.4294426,0.220,0.220,-0.02,0.00,0.00,112.33
583.533,55.3673553,10.4294487,0.180,0.180,0.00,0.00,0.00,141.51
583.933,55.3673463,10.4294610,0.170,0.170,-0.15,0.00,0.00,154.38
584.133,55.3673417,10.4294676,0.170,0.170,0.15,0.00,0.00,153.06
584.533,55.3673351,10.4294808,0.170,0.170,-0.17,0.00,0.00,151.75
584.933,55.3673307,10.4294954,0.170,0.170,0.21,0.00,0.00,155.18
585.133,55.3673265,10.4295048,0.170,0.170,-0.16,0.00,0.00,155.80
585.533,55.3673240,10.4295180,0.170,0.170,0.04,0.00,0.00,152.59
585.733,55.3673234,10.4295243,0.170,0.170,0.21,0.00,0.00,152.58
586.133,55.3673802,10.4295216,0.170,0.170,-0.11,0.00,0.00,154.54
586.533,55.3674292,10.4295205,0.170,0.170,0.18,0.00,0.00,152.25
586.733,55.3674448,10.4295235,0.170,0.170,-0.07,0.00,0.00,153.62
587.133,55.3674920,10.4295288,0.170,0.170,0.04,0.00,0.00,156.78
587.333,55.3675141,10.4295313,0.170,0.170,0.23,0.00,0.00,154.64
587.733,55.3675428,10.4295508,0.100,0.100,-0.15,0.00,0.00,151.89
588.133,55.3675551,10.4295660,0.090,0.090,0.19,0.00,0.00,157.62
588.334,55.3675592,10.4295685,0.060,0.060,0.01,0.00,0.00,156.62
588.734,55.3675684,10.4295686,0.100,0.100,-0.01,0.00,0.00,150.84
588.934,55.3675964,10.4295741,0.050,0.050,0.14,0.00,0.00,157.37
589.334,55.3676109,10.4295773,0.030,0.030,-0.19,0.00,0.00,160.03
589.734,55.3676121,10.4295839,0.020,0.020,0.15,0.00,0.00,157.64
589.934,55.3676130,10.4295889,0.000,0.000,-0.14,0.00,0.00,155.60
590.334,55.3676193,10.4295945,-0.010,-0.010,-0.02,0.00,0.00,139.66
590.534,55.3676244,10.4295972,-0.060,-0.060,-0.06,0.00,0.00,107.81
590.934,55.3676270,10.4295973,-0.060,-0.060,-0.22,0.00,0.00,79.57
591.334,55.3676254,10.4295821,-0.060,-0.060,0.04,0.00,0.00,69.91
591.534,55.3676297,10.4295785,-0.060,-0.060,-0.17,0.00,0.00,65.02
591.934,55.3676312,10.4295774,-0.060,-0.060,0.15,0.00,0.00,58.00
592.135,55.3676315,10.4295777,-0.060,-0.060,-0.17,0.00,0.00,59.66
592.534,55.3676328,10.4295763,-0.060,-0.060,0.00,0.00,0.00,64.50
592.934,55.3676261,10.4295750,-0.060,-0.060,0.06,0.00,0.00,70.70
593.134,55.3676244,10.4295770,-0.060,-0.060,-0.02,0.00,0.00,91.35
593.534,55.3676189,10.4295873,1.050,1.050,0.14,0.00,0.00,183.52
593.735,55.3676144,10.4295922,1.010,1.010,0.13,0.00,0.00,201.27
594.135,55.3675875,10.4296072,1.020,1.020,0.42,0.00,0.00,202.39
594.535,55.3675553,10.4296223,0.080,0.080,-0.10,0.00,0.00,149.26
594.736,55.3675498,10.4296258,0.100,0.100,0.01,0.00,0.00,152.05
595.136,55.3675383,10.4296414,0.070,0.070,0.08,0.00,0.00,152.66
595.336,55.3675326,10.4296506,0.080,0.080,-0.23,0.00,0.00,153.19
595.736,55.3675387,10.4296635,0.080,0.080,0.14,0.00,0.00,155.03
596.136,55.3675469,10.4296542,0.080,0.080,0.02,0.00,0.00,153.20
596.336,55.3675506,10.4296590,0.080,0.080,-0.16,0.00,0.00,150.95
596.736,55.3675430,10.4296723,0.080,0.080,0.13,0.00,0.00,154.12
596.916,55.3675398,10.4296778,0.080,0.080,-0.09,0.00,0.00,153.92
597.336,55.3675350,10.4296932,0.100,0.100,-0.07,0.00,0.00,150.83
597.736,55.3675301,10.4297031,0.080,0.080,0.11,0.00,0.00,153.20
597.936,55.3675225,10.4297016,0.090,0.090,-0.22,0.00,0.00,153.83
598.336,55.3675210,10.4297079,0.090,0.090,0.16,0.00,0.00,151.48
598.537,55.3675213,10.4297119,0.040,0.040,-0.04,0.00,0.00,152.49
598.937,55.3675232,10.4297208,0.060,0.060,-0.12,0.00,0.00,154.09
599.337,55.3675284,10.4297290,0.030,0.030,0.20,0.00,0.00,150.95
599.518,55.3675304,10.4297325,0.040,0.040,-0.16,0.00,0.00,150.39
599.937,55.3675247,10.4297413,0.050,0.050,0.02,0.00,0.00,154.90
600.138,55.3675171,10.4297458,0.000,0.000,0.11,0.00,0.00,154.16
600.538,55.3674903,10.4297607,0.000,0.000,-0.23,0.00,0.00,150.83
600.938,55.3674632,10.4297753,-0.020,-0.020,0.16,0.00,0.00,154.34
601.118,55.3674530,10.4297809,-0.050,-0.050,-0.01,0.00,0.00,154.27
601.518,55.3674446,10.4297988,-0.030,-0.030,-0.14,0.00,0.00,149.51
601.719,55.3674462,10.4298054,-0.080,-0.080,0.08,0.00,0.00,153.40
602.119,55.3674537,10.4298222,-0.110,-0.110,-0.30,0.00,0.00,155.14
602.519,55.3674525,10.4298280,-0.110,-0.110,0.12,0.00,0.00,150.63
602.738,55.3674486,10.4298405,-0.140,-0.140,0.01,0.00,0.00,151.97
603.119,55.3674575,10.4298526,-0.130,-0.130,-0.16,0.00,0.00,154.22
603.319,55.3674604,10.4298573,-0.130,-0.130,0.23,0.00,0.00,152.29
603.738,55.3674539,10.4298689,-0.120,-0.120,-0.11,0.00,0.00,152.83
604.138,55.3674537,10.4298758,-0.060,-0.060,-0.06,0.00,0.00,155.71
604.338,55.3674536,10.4298872,-0.090,-0.090,0.11,0.00,0.00,154.56
604.718,55.3674676,10.4298957,-0.060,-0.060,-0.16,0.00,0.00,152.01
604.938,55.3674755,10.4299021,-0.030,-0.030,0.19,0.00,0.00,153.62
605.339,55.3674729,10.4299140,-0.030,-0.030,0.05,0.00,0.00,152.60
605.739,55.3674713,10.4299204,0.000,0.000,-0.15,0.00,0.00,148.31
605.939,55.3674685,10.4299319,0.000,0.000,0.15,0.00,0.00,152.77
606.339,55.3674643,10.4299423,0.010,0.010,-0.07,0.00,0.00,154.80
606.539,55.3674602,10.4299467,0.060,0.060,-0.02,0.00,0.00,152.81
606.939,55.3674467,10.4299547,0.060,0.060,0.13,0.00,0.00,156.40
607.339,55.3674434,10.4299616,0.070,0.070,-0.18,0.00,0.00,159.05
607.559,55.3674453,10.4299741,0.110,0.110,0.14,0.00,0.00,152.83
607.939,55.3674415,10.4299761,0.110,0.110,0.10,0.00,0.00,150.05
608.139,55.3674304,10.4299819,0.170,0.170,-0.12,0.00,0.00,152.26
608.539,55.3673909,10.4299963,0.210,0.210,0.20,0.00,0.00,150.94
608.939,55.3673731,10.4300124,0.220,0.220,-0.09,0.00,0.00,150.47
609.139,55.3673636,10.4300217,0.270,0.270,0.01,0.00,0.00,156.03
609.539,55.3673488,10.4300393,0.300,0.300,0.21,0.00,0.00,154.85
609.739,55.3673370,10.4300491,0.340,0.340,-0.09,0.00,0.00,150.39
610.139,55.3673123,10.4300658,0.390,0.390,0.18,0.00,0.00,153.99
610.539,55.3672951,10.4300799,0.390,0.390,0.13,0.00,0.00,153.80
610.739,55.3672856,10.4300874,0.430,0.430,-0.14,0.00,0.00,149.76
611.139,55.3672785,10.4301013,0.440,0.440,0.22,0.00,0.00,154.19
611.339,55.3672824,10.4301090,0.420,0.420,0.03,0.00,0.00,153.60
611.739,55.3672765,10.4301236,0.470,0.470,-0.02,0.00,0.00,147.99
612.140,55.3672740,10.4301385,0.440,0.440,0.24,0.00,0.00,152.44
612.340,55.3672723,10.4301453,0.420,0.420,-0.08,0.00,0.00,153.16
612.739,55.3672674,10.4301570,0.440,0.440,0.04,0.00,0.00,151.23
612.939,55.3672666,10.4301641,0.380,0.380,0.20,0.00,0.00,153.60
613.340,55.3672634,10.4301780,0.400,0.400,-0.16,0.00,0.00,156.92
613.740,55.3672652,10.4301869,0.400,0.400,0.18,0.00,0.00,154.62
613.940,55.3672675,10.4302014,0.340,0.340,-0.07,0.00,0.00,152.97
614.340,55.3672713,10.4302132,0.340,0.340,-0.14,0.00,0.00,153.57
614.540,55.3672745,10.4302184,0.320,0.320,0.31,0.00,0.00,151.03
614.940,55.3672903,10.4302284,0.310,0.310,-0.09,0.00,0.00,149.41
615.340,55.3672965,10.4302362,0.340,0.340,0.07,0.00,0.00,150.76
615.540,55.3673089,10.4302496,0.320,0.320,0.17,0.00,0.00,149.73
615.940,55.3673163,10.4302629,0.340,0.340,-0.16,0.00,0.00,146.40
616.140,55.3673221,10.4302692,0.350,0.350,0.31,0.00,0.00,150.14
616.540,55.3673283,10.4302800,0.330,0.330,-0.02,0.00,0.00,149.42
616.940,55.3673255,10.4302834,0.340,0.340,-0.14,0.00,0.00,145.40
617.141,55.3672916,10.4302846,0.310,0.310,0.24,0.00,0.00,151.02
617.541,55.3672482,10.4302900,0.310,0.310,-0.11,0.00,0.00,154.31
617.740,55.3672280,10.4302957,0.330,0.330,0.08,0.00,0.00,149.94
618.141,55.3671884,10.4303022,0.300,0.300,0.06,0.00,0.00,155.13
618.360,55.3671699,10.4303056,0.320,0.320,-0.05,0.00,0.00,159.71
618.741,55.3671344,10.4303105,0.300,0.300,0.15,0.00,0.00,156.13
619.140,55.3671142,10.4303149,0.270,0.270,-0.16,0.00,0.00,157.07
619.340,55.3671026,10.4303168,0.260,0.260,0.13,0.00,0.00,167.03
619.740,55.3670785,10.4303200,0.230,0.230,-0.06,0.00,0.00,165.68
620.140,55.3670604,10.4303244,0.240,0.240,-0.01,0.00,0.00,157.66
620.340,55.3670301,10.4303262,0.200,0.200,0.08,0.00,0.00,164.14
620.741,55.3669842,10.4303305,0.220,0.220,-0.02,0.00,0.00,167.69
620.941,55.3669740,10.4303337,0.200,0.200,0.12,0.00,0.00,162.96
621.341,55.3669107,10.4303352,0.210,0.210,-0.06,0.00,0.00,158.58
621.741,55.3668205,10.4303347,0.170,0.170,-0.06,0.00,0.00,158.16
621.941,55.3667851,10.4303343,0.160,0.160,-0.02,0.00,0.00,151.58
622.341,55.3667340,10.4303349,0.120,0.120,-0.14,0.00,0.00,133.41
622.541,55.3667176,10.4303358,0.140,0.140,0.15,0.00,0.00,114.60
622.922,55.3667011,10.4303405,0.100,0.100,-0.14,0.00,0.00,101.19
623.342,55.3666946,10.4303453,0.110,0.110,-0.03,0.00,0.00,101.54
623.542,55.3666927,10.4303492,0.040,0.040,-0.05,0.00,0.00,101.78
623.942,55.3666914,10.4303595,0.030,0.030,-0.26,0.00,0.00,98.62
624.143,55.3666914,10.4303641,0.000,0.000,0.18,0.00,0.00,103.16
624.543,55.3666889,10.4303771,0.000,0.000,-0.09,0.00,0.00,99.02
624.944,55.3666872,10.4303839,0.020,0.020,-0.02,0.00,0.00,89.96
625.144,55.3666866,10.4303861,0.000,0.000,0.19,0.00,0.00,92.99
625.525,55.3666873,10.4303965,0.010,0.010,-0.11,0.00,0.00,95.18
625.745,55.3666877,10.4304017,0.020,0.020,0.04,0.00,0.00,91.51
626.126,55.3666892,10.4304104,-0.010,-0.010,0.16,0.00,0.00,94.03
626.526,55.3666918,10.4304193,0.030,0.030,-0.12,0.00,0.00,98.57
626.726,55.3666928,10.4304259,0.030,0.030,0.21,0.00,0.00,92.30
627.147,55.3666956,10.4304419,0.020,0.020,0.07,0.00,0.00,90.88
627.327,55.3666963,10.4304502,0.060,0.060,-0.09,0.00,0.00,98.81
627.748,55.3666991,10.4304628,0.060,0.060,0.16,0.00,0.00,94.67
628.128,55.3667014,10.4304751,0.040,0.040,-0.11,0.00,0.00,97.10
628.328,55.3667027,10.4304812,0.070,0.070,0.00,0.00,0.00,103.55
628.748,55.3667052,10.4304946,0.060,0.060,0.18,0.00,0.00,98.67
628.928,55.3667061,10.4305005,0.070,0.070,-0.14,0.00,0.00,91.12
629.329,55.3667099,10.4305095,0.100,0.100,0.18,0.00,0.00,94.53
629.729,55.3667140,10.4305190,0.100,0.100,0.16,0.00,0.00,91.82
629.930,55.3667152,10.4305226,0.140,0.140,-0.16,0.00,0.00,88.24
630.331,55.3667182,10.4305296,0.130,0.130,0.19,0.00,0.00,99.37
630.531,55.3667194,10.4305342,0.130,0.130,0.02,0.00,0.00,106.29
630.950,55.3667225,10.4305421,0.180,0.180,-0.06,0.00,0.00,106.38
631.331,55.3667263,10.4305515,0.180,0.180,0.17,0.00,0.00,115.61
631.551,55.3667281,10.4305573,0.190,0.190,-0.12,0.00,0.00,119.13
631.951,55.3667305,10.4305702,0.230,0.230,0.10,0.00,0.00,113.21
632.150,55.3667319,10.4305760,0.250,0.250,0.21,0.00,0.00,114.33
632.531,55.3667339,10.4305874,0.320,0.320,0.01,0.00,0.00,114.50
632.950,55.3667359,10.4305972,0.370,0.370,0.13,0.00,0.00,110.70
633.151,55.3667378,10.4306021,0.340,0.340,0.05,0.00,0.00,111.14
633.531,55.3667413,10.4306100,0.350,0.350,-0.05,0.00,0.00,114.51
633.731,55.3667431,10.4306155,0.360,0.360,0.13,0.00,0.00,110.33
634.132,55.3667468,10.4306284,0.300,0.300,-0.05,0.00,0.00,115.95
634.532,55.3667500,10.4306353,0.300,0.300,-0.11,0.00,0.00,124.46
634.751,55.3667516,10.4306393,0.260,0.260,0.11,0.00,0.00,116.34
635.132,55.3667556,10.4306460,0.220,0.220,-0.06,0.00,0.00,109.86
635.351,55.3667574,10.4306481,0.250,0.250,0.10,0.00,0.00,116.52
635.732,55.3667600,10.4306533,0.230,0.230,0.29,0.00,0.00,112.64
636.133,55.3667621,10.4306572,0.230,0.230,-0.09,0.00,0.00,103.60
636.352,55.3667635,10.4306593,0.260,0.260,0.15,0.00,0.00,103.73
636.733,55.3667658,10.4306669,0.250,0.250,0.13,0.00,0.00,104.49
636.933,55.3667673,10.4306705,0.260,0.260,-0.10,0.00,0.00,106.57
637.333,55.3667703,10.4306778,0.280,0.280,0.29,0.00,0.00,114.60
637.734,55.3667743,10.4306865,0.240,0.240,-0.05,0.00,0.00,117.51
637.933,55.3667763,10.4306907,0.250,0.250,-0.04,0.00,0.00,112.95
638.334,55.3667806,10.4307001,0.210,0.210,0.15,0.00,0.00,119.99
638.534,55.3667827,10.4307050,0.200,0.200,0.01,0.00,0.00,123.49
638.934,55.3667859,10.4307140,0.220,0.220,0.02,0.00,0.00,123.58
639.335,55.3667892,10.4307229,0.190,0.190,0.21,0.00,0.00,129.87
639.535,55.3667905,10.4307272,0.210,0.210,-0.07,0.00,0.00,139.84
639.935,55.3667929,10.4307378,0.200,0.200,0.13,0.00,0.00,140.00
640.136,55.3667940,10.4307431,0.160,0.160,0.14,0.00,0.00,144.17
640.537,55.3667964,10.4307544,0.170,0.170,-0.11,0.00,0.00,150.12
640.938,55.3667986,10.4307672,0.140,0.140,0.18,0.00,0.00,148.40
641.138,55.3668006,10.4307746,0.080,0.080,0.03,0.00,0.00,147.88
641.538,55.3668014,10.4307849,0.110,0.110,-0.06,0.00,0.00,155.72
641.738,55.3668012,10.4307891,0.070,0.070,0.12,0.00,0.00,155.14
642.139,55.3668011,10.4307973,0.030,0.030,-0.07,0.00,0.00,155.23
642.540,55.3668002,10.4308062,0.040,0.040,0.04,0.00,0.00,161.31
642.740,55.3667999,10.4308110,0.000,0.000,0.10,0.00,0.00,161.16
643.140,55.3667994,10.4308195,-0.030,-0.030,-0.21,0.00,0.00,157.46
643.340,55.3667998,10.4308250,-0.050,-0.050,0.14,0.00,0.00,161.20
643.720,55.3667992,10.4308363,-0.090,-0.090,0.10,0.00,0.00,160.19
644.140,55.3667988,10.4308455,-0.080,-0.080,-0.16,0.00,0.00,155.50
644.340,55.3667989,10.4308500,-0.070,-0.070,0.24,0.00,0.00,161.42
644.740,55.3667987,10.4308600,-0.080,-0.080,-0.02,0.00,0.00,162.93
644.940,55.3667989,10.4308649,-0.070,-0.070,-0.18,0.00,0.00,158.98
645.340,55.3667992,10.4308739,-0.090,-0.090,0.19,0.00,0.00,163.60
645.740,55.3667983,10.4308823,-0.100,-0.100,-0.06,0.00,0.00,166.15
645.940,55.3667982,10.4308873,-0.090,-0.090,-0.11,0.00,0.00,161.33
646.340,55.3667973,10.4308960,-0.150,-0.150,0.11,0.00,0.00,162.67
646.541,55.3667968,10.4309001,-0.180,-0.180,-0.16,0.00,0.00,166.21
646.940,55.3667959,10.4309096,-0.190,-0.190,-0.03,0.00,0.00,161.93
647.340,55.3667955,10.4309188,-0.240,-0.240,0.11,0.00,0.00,164.31
647.541,55.3667952,10.4309236,-0.240,-0.240,-0.19,0.00,0.00,169.93
647.940,55.3667944,10.4309336,-0.240,-0.240,-0.02,0.00,0.00,164.92
648.140,55.3667946,10.4309391,-0.300,-0.300,0.07,0.00,0.00,166.34
648.541,55.3667944,10.4309477,-0.280,-0.280,-0.17,0.00,0.00,170.78
648.942,55.3667938,10.4309576,-0.260,-0.260,0.10,0.00,0.00,164.54
649.142,55.3667942,10.4309631,-0.290,-0.290,0.07,0.00,0.00,163.81
649.542,55.3667954,10.4309738,-0.250,-0.250,-0.13,0.00,0.00,171.76
649.742,55.3667959,10.4309796,-0.200,-0.200,0.17,0.00,0.00,168.82
650.143,55.3667964,10.4309894,-0.190,-0.190,0.02,0.00,0.00,169.41
650.543,55.3667967,10.4310004,-0.120,-0.120,-0.11,0.00,0.00,176.83
650.743,55.3667970,10.4310063,-0.090,-0.090,0.19,0.00,0.00,172.74
651.144,55.3667979,10.4310184,-0.080,-0.080,-0.01,0.00,0.00,169.01
651.344,55.3667980,10.4310236,0.000,0.000,0.00,0.00,0.00,177.45
651.744,55.3667987,10.4310360,0.020,0.020,0.12,0.00,0.00,174.74
652.145,55.3667991,10.4310477,0.040,0.040,-0.03,0.00,0.00,171.44
652.345,55.3667990,10.4310531,0.110,0.110,0.02,0.00,0.00,179.22
652.746,55.3667982,10.4310611,0.130,0.130,0.18,0.00,0.00,177.90
652.946,55.3667974,10.4310642,0.150,0.150,-0.11,0.00,0.00,174.67
653.346,55.3667974,10.4310754,0.210,0.210,0.12,0.00,0.00,179.93
653.746,55.3667975,10.4310859,0.240,0.240,0.18,0.00,0.00,176.04
653.947,55.3667975,10.4310902,0.270,0.270,-0.16,0.00,0.00,172.58
654.347,55.3667979,10.4311021,0.330,0.330,0.11,0.00,0.00,181.24
654.547,55.3667976,10.4311082,0.360,0.360,0.13,0.00,0.00,179.44
654.948,55.3667971,10.4311179,0.400,0.400,-0.16,0.00,0.00,172.22
655.348,55.3667974,10.4311308,0.440,0.440,0.15,0.00,0.00,179.76
655.548,55.3667974,10.4311379,0.420,0.420,0.18,0.00,0.00,178.22
655.949,55.3667970,10.4311490,0.410,0.410,-0.08,0.00,0.00,171.94
656.149,55.3667975,10.4311540,0.440,0.440,0.21,0.00,0.00,176.12
656.549,55.3667972,10.4311627,0.440,0.440,0.15,0.00,0.00,174.67
656.949,55.3668004,10.4311759,0.490,0.490,-0.04,0.00,0.00,166.18
657.130,55.3668045,10.4311868,0.520,0.520,0.26,0.00,0.00,170.90
657.530,55.3668114,10.4312054,0.570,0.570,0.01,0.00,0.00,173.29
657.930,55.3668127,10.4312131,0.630,0.630,0.07,0.00,0.00,165.62
658.150,55.3668125,10.4312148,0.620,0.620,0.15,0.00,0.00,164.93
658.531,55.3668129,10.4312208,0.680,0.680,0.01,0.00,0.00,169.73
658.731,55.3668133,10.4312236,0.690,0.690,0.29,0.00,0.00,166.01
659.131,55.3668142,10.4312297,0.670,0.670,-0.07,0.00,0.00,164.59
659.531,55.3668163,10.4312361,0.730,0.730,0.04,0.00,0.00,171.39
659.731,55.3668167,10.4312381,0.750,0.750,0.13,0.00,0.00,170.00
660.131,55.3668177,10.4312427,0.800,0.800,-0.07,0.00,0.00,163.67
660.331,55.3668187,10.4312451,0.790,0.790,0.27,0.00,0.00,165.85
660.732,55.3668203,10.4312501,0.740,0.740,0.04,0.00,0.00,164.21
661.132,55.3668226,10.4312557,0.730,0.730,0.01,0.00,0.00,155.60
661.332,55.3668237,10.4312579,0.720,0.720,0.15,0.00,0.00,152.76
661.732,55.3668261,10.4312627,0.780,0.780,-0.02,0.00,0.00,148.11
661.932,55.3668273,10.4312644,0.770,0.770,0.24,0.00,0.00,130.45
662.332,55.3668297,10.4312678,0.780,0.780,-0.05,0.00,0.00,110.21
662.733,55.3668313,10.4312665,0.750,0.750,0.14,0.00,0.00,108.08
662.933,55.3668324,10.4312663,0.720,0.720,-0.07,0.00,0.00,113.24
663.333,55.3668346,10.4312709,0.660,0.660,0.15,0.00,0.00,120.37
663.534,55.3668357,10.4312760,0.630,0.630,-0.10,0.00,0.00,137.13
663.933,55.3668378,10.4312878,0.600,0.600,0.18,0.00,0.00,156.66
664.334,55.3668399,10.4312974,0.560,0.560,-0.28,0.00,0.00,173.42
664.534,55.3668408,10.4313011,0.520,0.520,0.07,0.00,0.00,169.20
664.935,55.3668441,10.4313074,0.450,0.450,0.04,0.00,0.00,167.27
665.135,55.3668459,10.4313110,0.420,0.420,-0.14,0.00,0.00,171.79
665.534,55.3668485,10.4313183,0.370,0.370,0.20,0.00,0.00,167.02
665.935,55.3668514,10.4313265,0.300,0.300,-0.23,0.00,0.00,163.24
666.134,55.3668527,10.4313312,0.260,0.260,-0.16,0.00,0.00,168.00
666.534,55.3668554,10.4313385,0.180,0.180,0.23,0.00,0.00,163.74
666.734,55.3668572,10.4313423,0.140,0.140,-0.27,0.00,0.00,153.95
667.134,55.3668599,10.4313491,0.110,0.110,-0.13,0.00,0.00,161.94
667.534,55.3668627,10.4313570,0.000,0.000,0.07,0.00,0.00,166.20
667.735,55.3668644,10.4313605,-0.010,-0.010,-0.36,0.00,0.00,162.49
668.136,55.3668677,10.4313661,-0.030,-0.030,0.04,0.00,0.00,168.13
668.335,55.3668687,10.4313683,-0.070,-0.070,0.15,0.00,0.00,165.71
668.736,55.3668716,10.4313734,-0.080,-0.080,-0.31,0.00,0.00,157.86
669.136,55.3668747,10.4313792,-0.080,-0.080,0.13,0.00,0.00,164.32
669.336,55.3668755,10.4313799,-0.120,-0.120,0.05,0.00,0.00,166.37
669.717,55.3668782,10.4313824,-0.090,-0.090,-0.23,0.00,0.00,161.57
669.936,55.3668797,10.4313855,-0.100,-0.100,0.17,0.00,0.00,169.75
670.337,55.3668818,10.4313871,-0.130,-0.130,-0.05,0.00,0.00,169.98
670.737,55.3668842,10.4313898,-0.090,-0.090,-0.09,0.00,0.00,163.65
670.937,55.3668857,10.4313970,-0.130,-0.130,0.04,0.00,0.00,169.59
671.337,55.3668876,10.4314055,-0.120,-0.120,-0.16,0.00,0.00,171.80
671.537,55.3668877,10.4314086,-0.110,-0.110,0.05,0.00,0.00,165.56
671.937,55.3668888,10.4314151,-0.130,-0.130,0.02,0.00,0.00,166.85
672.337,55.3668899,10.4314197,-0.130,-0.130,-0.02,0.00,0.00,166.95
672.537,55.3668905,10.4314215,-0.130,-0.130,0.12,0.00,0.00,162.36
672.937,55.3668914,10.4314259,-0.100,-0.100,0.05,0.00,0.00,162.38
673.137,55.3668914,10.4314277,-0.120,-0.120,-0.04,0.00,0.00,164.56
673.538,55.3668910,10.4314284,-0.130,-0.130,0.02,0.00,0.00,165.40
673.937,55.3668895,10.4314270,-0.140,-0.140,-0.01,0.00,0.00,167.19
674.137,55.3668889,10.4314257,-0.160,-0.160,-0.01,0.00,0.00,168.68
674.537,55.3668875,10.4314233,-0.170,-0.170,-0.01,0.00,0.00,169.30
674.737,55.3668868,10.4314194,-0.180,-0.180,-0.03,0.00,0.00,170.48
675.138,55.3668847,10.4314084,-0.200,-0.200,-0.02,0.00,0.00,176.40
675.537,55.3668841,10.4314058,-0.200,-0.200,-0.03,0.00,0.00,176.55
675.738,55.3668837,10.4314063,-0.220,-0.220,-0.08,0.00,0.00,177.77
676.137,55.3668843,10.4314074,-0.230,-0.230,0.00,0.00,0.00,186.63
676.337,55.3668844,10.4314070,-0.260,-0.260,-0.05,0.00,0.00,187.84
676.738,55.3668841,10.4314099,-0.280,-0.280,-0.10,0.00,0.00,187.93
